[2025-12-16T11:41:39.350+0000] {logging_mixin.py:188} INFO - Changing /opt/airflow/logs/dag_id=binance_klines_pipeline/run_id=manual__2025-12-16T11:35:38.471070+00:00/task_id=load_to_postgres permission to 509
[2025-12-16T11:41:39.554+0000] {logging_mixin.py:188} INFO - Changing /opt/airflow/logs/dag_id=binance_klines_pipeline/run_id=manual__2025-12-16T11:35:38.471070+00:00/task_id=load_to_postgres permission to 509
[2025-12-16T11:41:39.693+0000] {taskinstance.py:1956} INFO - Dependencies all met for dep_context=non-requeueable deps ti=<TaskInstance: binance_klines_pipeline.load_to_postgres manual__2025-12-16T11:35:38.471070+00:00 [queued]>
[2025-12-16T11:41:39.719+0000] {taskinstance.py:1956} INFO - Dependencies all met for dep_context=requeueable deps ti=<TaskInstance: binance_klines_pipeline.load_to_postgres manual__2025-12-16T11:35:38.471070+00:00 [queued]>
[2025-12-16T11:41:39.721+0000] {taskinstance.py:2170} INFO - Starting attempt 2 of 3
[2025-12-16T11:41:39.745+0000] {taskinstance.py:2191} INFO - Executing <Task(PythonOperator): load_to_postgres> on 2025-12-16 11:35:38.471070+00:00
[2025-12-16T11:41:39.754+0000] {standard_task_runner.py:60} INFO - Started process 276 to run task
[2025-12-16T11:41:39.758+0000] {standard_task_runner.py:87} INFO - Running: ['airflow', 'tasks', 'run', 'binance_klines_pipeline', 'load_to_postgres', 'manual__2025-12-16T11:35:38.471070+00:00', '--job-id', '24', '--raw', '--subdir', 'DAGS_FOLDER/dag.py', '--cfg-path', '/tmp/tmpbedc7po4']
[2025-12-16T11:41:39.761+0000] {standard_task_runner.py:88} INFO - Job 24: Subtask load_to_postgres
[2025-12-16T11:41:40.126+0000] {logging_mixin.py:188} INFO - Changing /opt/airflow/logs/dag_id=binance_klines_pipeline/run_id=manual__2025-12-16T11:35:38.471070+00:00/task_id=load_to_postgres permission to 509
[2025-12-16T11:41:40.139+0000] {task_command.py:423} INFO - Running <TaskInstance: binance_klines_pipeline.load_to_postgres manual__2025-12-16T11:35:38.471070+00:00 [running]> on host 2a01e50d192a
[2025-12-16T11:41:40.712+0000] {taskinstance.py:2480} INFO - Exporting env vars: AIRFLOW_CTX_DAG_OWNER='airflow' AIRFLOW_CTX_DAG_ID='binance_klines_pipeline' AIRFLOW_CTX_TASK_ID='load_to_postgres' AIRFLOW_CTX_EXECUTION_DATE='2025-12-16T11:35:38.471070+00:00' AIRFLOW_CTX_TRY_NUMBER='2' AIRFLOW_CTX_DAG_RUN_ID='manual__2025-12-16T11:35:38.471070+00:00'
[2025-12-16T11:41:41.001+0000] {logging_mixin.py:188} INFO - Database connection successful.
[2025-12-16T11:41:41.039+0000] {taskinstance.py:2698} ERROR - Task failed with exception
Traceback (most recent call last):
  File "/home/airflow/.local/lib/python3.8/site-packages/sqlalchemy/engine/base.py", line 1910, in _execute_context
    self.dialect.do_execute(
  File "/home/airflow/.local/lib/python3.8/site-packages/sqlalchemy/engine/default.py", line 736, in do_execute
    cursor.execute(statement, parameters)
psycopg2.errors.UndefinedTable: relation "tmp_binance" does not exist
LINE 1: SELECT * FROM tmp_binance
                      ^


The above exception was the direct cause of the following exception:

Traceback (most recent call last):
  File "/home/airflow/.local/lib/python3.8/site-packages/airflow/models/taskinstance.py", line 433, in _execute_task
    result = execute_callable(context=context, **execute_callable_kwargs)
  File "/home/airflow/.local/lib/python3.8/site-packages/airflow/operators/python.py", line 199, in execute
    return_value = self.execute_callable()
  File "/home/airflow/.local/lib/python3.8/site-packages/airflow/operators/python.py", line 216, in execute_callable
    return self.python_callable(*self.op_args, **self.op_kwargs)
  File "/opt/airflow/dags/dag.py", line 61, in load_to_postgres_task
    df = pd.read_sql("SELECT * FROM tmp_binance", engine)
  File "/home/airflow/.local/lib/python3.8/site-packages/pandas/io/sql.py", line 663, in read_sql
    return pandas_sql.read_query(
  File "/home/airflow/.local/lib/python3.8/site-packages/pandas/io/sql.py", line 1738, in read_query
    result = self.execute(sql, params)
  File "/home/airflow/.local/lib/python3.8/site-packages/pandas/io/sql.py", line 1562, in execute
    return self.con.exec_driver_sql(sql, *args)
  File "/home/airflow/.local/lib/python3.8/site-packages/sqlalchemy/engine/base.py", line 1770, in exec_driver_sql
    return self._exec_driver_sql(
  File "/home/airflow/.local/lib/python3.8/site-packages/sqlalchemy/engine/base.py", line 1674, in _exec_driver_sql
    ret = self._execute_context(
  File "/home/airflow/.local/lib/python3.8/site-packages/sqlalchemy/engine/base.py", line 1953, in _execute_context
    self._handle_dbapi_exception(
  File "/home/airflow/.local/lib/python3.8/site-packages/sqlalchemy/engine/base.py", line 2134, in _handle_dbapi_exception
    util.raise_(
  File "/home/airflow/.local/lib/python3.8/site-packages/sqlalchemy/util/compat.py", line 211, in raise_
    raise exception
  File "/home/airflow/.local/lib/python3.8/site-packages/sqlalchemy/engine/base.py", line 1910, in _execute_context
    self.dialect.do_execute(
  File "/home/airflow/.local/lib/python3.8/site-packages/sqlalchemy/engine/default.py", line 736, in do_execute
    cursor.execute(statement, parameters)
sqlalchemy.exc.ProgrammingError: (psycopg2.errors.UndefinedTable) relation "tmp_binance" does not exist
LINE 1: SELECT * FROM tmp_binance
                      ^

[SQL: SELECT * FROM tmp_binance]
(Background on this error at: https://sqlalche.me/e/14/f405)
[2025-12-16T11:41:41.368+0000] {taskinstance.py:1138} INFO - Marking task as UP_FOR_RETRY. dag_id=binance_klines_pipeline, task_id=load_to_postgres, execution_date=20251216T113538, start_date=20251216T114139, end_date=20251216T114141
[2025-12-16T11:41:41.399+0000] {standard_task_runner.py:107} ERROR - Failed to execute job 24 for task load_to_postgres ((psycopg2.errors.UndefinedTable) relation "tmp_binance" does not exist
LINE 1: SELECT * FROM tmp_binance
                      ^

[SQL: SELECT * FROM tmp_binance]
(Background on this error at: https://sqlalche.me/e/14/f405); 276)
[2025-12-16T11:41:41.416+0000] {local_task_job_runner.py:234} INFO - Task exited with return code 1
[2025-12-16T11:41:41.699+0000] {taskinstance.py:3280} INFO - 0 downstream tasks scheduled from follow-on schedule check
